<?xml version="1.0" encoding="UTF-8"?>
<testsuite xmlns:xsi="http://www.w3.org/2001/XMLSchema-instance" xsi:noNamespaceSchemaLocation="https://maven.apache.org/surefire/maven-surefire-plugin/xsd/surefire-test-report.xsd" name="com.sapient.maven.TestCases" time="0.092" tests="5" errors="0" skipped="0" failures="0">
  <properties>
    <property name="java.specification.version" value="14"/>
    <property name="sun.cpu.isalist" value="amd64"/>
    <property name="sun.jnu.encoding" value="Cp1252"/>
    <property name="java.class.path" value="C:\Users\Dhruv Agarwal\Desktop\PJP2\Week2MavenProject\target\test-classes;C:\Users\Dhruv Agarwal\Desktop\PJP2\Week2MavenProject\target\classes;C:\Users\Dhruv Agarwal\.m2\repository\junit\junit\4.11\junit-4.11.jar;C:\Users\Dhruv Agarwal\.m2\repository\org\hamcrest\hamcrest-core\1.3\hamcrest-core-1.3.jar;C:\Users\Dhruv Agarwal\.m2\repository\ch\epfl\lamp\dotty-interfaces\0.27.0-bin-20200818-64a239f-NIGHTLY\dotty-interfaces-0.27.0-bin-20200818-64a239f-NIGHTLY.jar;"/>
    <property name="java.vm.vendor" value="Oracle Corporation"/>
    <property name="sun.arch.data.model" value="64"/>
    <property name="user.variant" value=""/>
    <property name="java.vendor.url" value="https://java.oracle.com/"/>
    <property name="user.timezone" value="Asia/Calcutta"/>
    <property name="os.name" value="Windows 10"/>
    <property name="java.vm.specification.version" value="14"/>
    <property name="sun.java.launcher" value="SUN_STANDARD"/>
    <property name="user.country" value="US"/>
    <property name="sun.boot.library.path" value="C:\Program Files\Java\jdk-14.0.1\bin"/>
    <property name="sun.java.command" value="C:\Users\DHRUVA~1\AppData\Local\Temp\surefire486650525311283692\surefirebooter8584418561129768137.jar C:\Users\Dhruv Agarwal\AppData\Local\Temp\surefire486650525311283692 2020-08-24T23-58-29_346-jvmRun1 surefire11037338915854288828tmp surefire_0453408575040930846tmp"/>
    <property name="jdk.debug" value="release"/>
    <property name="surefire.test.class.path" value="C:\Users\Dhruv Agarwal\Desktop\PJP2\Week2MavenProject\target\test-classes;C:\Users\Dhruv Agarwal\Desktop\PJP2\Week2MavenProject\target\classes;C:\Users\Dhruv Agarwal\.m2\repository\junit\junit\4.11\junit-4.11.jar;C:\Users\Dhruv Agarwal\.m2\repository\org\hamcrest\hamcrest-core\1.3\hamcrest-core-1.3.jar;C:\Users\Dhruv Agarwal\.m2\repository\ch\epfl\lamp\dotty-interfaces\0.27.0-bin-20200818-64a239f-NIGHTLY\dotty-interfaces-0.27.0-bin-20200818-64a239f-NIGHTLY.jar;"/>
    <property name="sun.cpu.endian" value="little"/>
    <property name="user.home" value="C:\Users\Dhruv Agarwal"/>
    <property name="user.language" value="en"/>
    <property name="java.specification.vendor" value="Oracle Corporation"/>
    <property name="java.version.date" value="2020-04-14"/>
    <property name="java.home" value="C:\Program Files\Java\jdk-14.0.1"/>
    <property name="file.separator" value="\"/>
    <property name="basedir" value="C:\Users\Dhruv Agarwal\Desktop\PJP2\Week2MavenProject"/>
    <property name="java.vm.compressedOopsMode" value="32-bit"/>
    <property name="line.separator" value="&#10;"/>
    <property name="java.vm.specification.vendor" value="Oracle Corporation"/>
    <property name="java.specification.name" value="Java Platform API Specification"/>
    <property name="surefire.real.class.path" value="C:\Users\DHRUVA~1\AppData\Local\Temp\surefire486650525311283692\surefirebooter8584418561129768137.jar"/>
    <property name="user.script" value=""/>
    <property name="sun.management.compiler" value="HotSpot 64-Bit Tiered Compilers"/>
    <property name="java.runtime.version" value="14.0.1+7"/>
    <property name="user.name" value="Dhruv Agarwal"/>
    <property name="path.separator" value=";"/>
    <property name="os.version" value="10.0"/>
    <property name="java.runtime.name" value="Java(TM) SE Runtime Environment"/>
    <property name="file.encoding" value="Cp1252"/>
    <property name="java.vm.name" value="Java HotSpot(TM) 64-Bit Server VM"/>
    <property name="localRepository" value="C:\Users\Dhruv Agarwal\.m2\repository"/>
    <property name="java.vendor.url.bug" value="https://bugreport.java.com/bugreport/"/>
    <property name="java.io.tmpdir" value="C:\Users\DHRUVA~1\AppData\Local\Temp\"/>
    <property name="java.version" value="14.0.1"/>
    <property name="user.dir" value="C:\Users\Dhruv Agarwal\Desktop\PJP2\Week2MavenProject"/>
    <property name="os.arch" value="amd64"/>
    <property name="java.vm.specification.name" value="Java Virtual Machine Specification"/>
    <property name="sun.os.patch.level" value=""/>
    <property name="java.library.path" value="C:\Program Files\Java\jdk-14.0.1\bin;C:\WINDOWS\Sun\Java\bin;C:\WINDOWS\system32;C:\WINDOWS;C:\Users\Dhruv Agarwal\bin;C:\Program Files\Git\mingw64\bin;C:\Program Files\Git\usr\local\bin;C:\Program Files\Git\usr\bin;C:\Program Files\Git\usr\bin;C:\Program Files\Git\mingw64\bin;C:\Program Files\Git\usr\bin;C:\Users\Dhruv Agarwal\bin;C:\Program Files\Microsoft MPI\Bin;C:\Program Files (x86)\Common Files\Intel\Shared Libraries\redist\intel64_win\mpirt;C:\Program Files (x86)\Common Files\Intel\Shared Libraries\redist\intel64_win\compiler;C:\WINDOWS\system32;C:\WINDOWS;C:\WINDOWS\System32\Wbem;C:\WINDOWS\System32\WindowsPowerShell\v1.0;C:\Program Files (x86)\Common Files\lenovo\easyplussdk\bin;C:\Program Files (x86)\ATI Technologies\ATI.ACE\Core-Static;C:\Program Files\OpenVPN\bin;C:\Program Files\Git\cmd;C:\Program Files\MATLAB\R2018b\bin;C:\WINDOWS\System32\OpenSSH;C:\DevTools\apache-maven-3.6.3\bin;C:\Program Files\Java\jdk-14.0.1\bin;C:\Program Files\Java\jdk-14.0.1\bin;C:\Program Files\PostgreSQL\12\bin;C:\Users\Dhruv Agarwal\AppData\Local\Programs\Python\Python38\Scripts;C:\Users\Dhruv Agarwal\AppData\Local\Programs\Python\Python38;C:\Users\Dhruv Agarwal\AppData\Local\Microsoft\WindowsApps;C:\Program Files\Docker Toolbox;C:\Program Files\Git\usr\bin\vendor_perl;C:\Program Files\Git\usr\bin\core_perl;."/>
    <property name="java.vm.info" value="mixed mode, sharing"/>
    <property name="java.vendor" value="Oracle Corporation"/>
    <property name="java.vm.version" value="14.0.1+7"/>
    <property name="sun.io.unicode.encoding" value="UnicodeLittle"/>
    <property name="java.class.version" value="58.0"/>
  </properties>
  <testcase name="test1" classname="com.sapient.maven.TestCases" time="0.003"/>
  <testcase name="test2" classname="com.sapient.maven.TestCases" time="0"/>
  <testcase name="test3" classname="com.sapient.maven.TestCases" time="0"/>
  <testcase name="test4" classname="com.sapient.maven.TestCases" time="0"/>
  <testcase name="test5" classname="com.sapient.maven.TestCases" time="0"/>
</testsuite>